C:\USERS\LIZM03\DOCUMENTS\VISUAL STUDIO 2010\PROJECTS\DEMO\DEMO\RELEASE\BATTERY.OBJ
C:\USERS\LIZM03\DOCUMENTS\VISUAL STUDIO 2010\PROJECTS\DEMO\DEMO\RELEASE\BULLET.OBJ
C:\Users\lizm03\Documents\Visual Studio 2010\Projects\demo\demo\Release\cl.command.1.tlog
C:\Users\lizm03\Documents\Visual Studio 2010\Projects\demo\demo\Release\CL.read.1.tlog
C:\Users\lizm03\Documents\Visual Studio 2010\Projects\demo\demo\Release\CL.write.1.tlog
C:\USERS\LIZM03\DOCUMENTS\VISUAL STUDIO 2010\PROJECTS\DEMO\DEMO\RELEASE\DEMO.EXE.INTERMEDIATE.MANIFEST
C:\Users\lizm03\Documents\Visual Studio 2010\Projects\demo\demo\Release\demo.vcxprojResolveAssemblyReference.cache
C:\Users\lizm03\Documents\Visual Studio 2010\Projects\demo\demo\Release\demo.write.1.tlog
C:\USERS\LIZM03\DOCUMENTS\VISUAL STUDIO 2010\PROJECTS\DEMO\DEMO\RELEASE\FISH.OBJ
C:\Users\lizm03\Documents\Visual Studio 2010\Projects\demo\demo\Release\link.command.1.tlog
C:\Users\lizm03\Documents\Visual Studio 2010\Projects\demo\demo\Release\link.read.1.tlog
C:\Users\lizm03\Documents\Visual Studio 2010\Projects\demo\demo\Release\link.write.1.tlog
C:\USERS\LIZM03\DOCUMENTS\VISUAL STUDIO 2010\PROJECTS\DEMO\DEMO\RELEASE\MAIN.OBJ
C:\Users\lizm03\Documents\Visual Studio 2010\Projects\demo\demo\Release\mt.command.1.tlog
C:\Users\lizm03\Documents\Visual Studio 2010\Projects\demo\demo\Release\mt.read.1.tlog
C:\Users\lizm03\Documents\Visual Studio 2010\Projects\demo\demo\Release\mt.write.1.tlog
C:\USERS\LIZM03\DOCUMENTS\VISUAL STUDIO 2010\PROJECTS\DEMO\DEMO\RELEASE\POINT.OBJ
C:\USERS\LIZM03\DOCUMENTS\VISUAL STUDIO 2010\PROJECTS\DEMO\DEMO\RELEASE\SCREEN.OBJ
C:\USERS\LIZM03\DOCUMENTS\VISUAL STUDIO 2010\PROJECTS\DEMO\DEMO\RELEASE\VC100.PDB
C:\USERS\LIZM03\DOCUMENTS\VISUAL STUDIO 2010\PROJECTS\DEMO\RELEASE\DEMO.EXE
C:\USERS\LIZM03\DOCUMENTS\VISUAL STUDIO 2010\PROJECTS\DEMO\RELEASE\DEMO.PDB
