C:\USERS\LIZM03\DOCUMENTS\VISUAL STUDIO 2010\PROJECTS\DEMO\DEBUG\DEMO.EXE
C:\USERS\LIZM03\DOCUMENTS\VISUAL STUDIO 2010\PROJECTS\DEMO\DEBUG\DEMO.ILK
C:\USERS\LIZM03\DOCUMENTS\VISUAL STUDIO 2010\PROJECTS\DEMO\DEBUG\DEMO.PDB
C:\USERS\LIZM03\DOCUMENTS\VISUAL STUDIO 2010\PROJECTS\DEMO\DEMO\DEBUG\BATTERY.OBJ
C:\USERS\LIZM03\DOCUMENTS\VISUAL STUDIO 2010\PROJECTS\DEMO\DEMO\DEBUG\BULLET.OBJ
C:\Users\lizm03\Documents\Visual Studio 2010\Projects\demo\demo\Debug\cl.command.1.tlog
C:\Users\lizm03\Documents\Visual Studio 2010\Projects\demo\demo\Debug\CL.read.1.tlog
C:\Users\lizm03\Documents\Visual Studio 2010\Projects\demo\demo\Debug\CL.write.1.tlog
C:\USERS\LIZM03\DOCUMENTS\VISUAL STUDIO 2010\PROJECTS\DEMO\DEMO\DEBUG\DEMO.EXE.EMBED.MANIFEST
C:\USERS\LIZM03\DOCUMENTS\VISUAL STUDIO 2010\PROJECTS\DEMO\DEMO\DEBUG\DEMO.EXE.EMBED.MANIFEST.RES
C:\USERS\LIZM03\DOCUMENTS\VISUAL STUDIO 2010\PROJECTS\DEMO\DEMO\DEBUG\DEMO.EXE.INTERMEDIATE.MANIFEST
C:\Users\lizm03\Documents\Visual Studio 2010\Projects\demo\demo\Debug\demo.write.1.tlog
C:\Users\lizm03\Documents\Visual Studio 2010\Projects\demo\demo\Debug\demo_manifest.rc
C:\USERS\LIZM03\DOCUMENTS\VISUAL STUDIO 2010\PROJECTS\DEMO\DEMO\DEBUG\FISH.OBJ
C:\Users\lizm03\Documents\Visual Studio 2010\Projects\demo\demo\Debug\link.7268.read.1.tlog
C:\Users\lizm03\Documents\Visual Studio 2010\Projects\demo\demo\Debug\link.7268.write.1.tlog
C:\Users\lizm03\Documents\Visual Studio 2010\Projects\demo\demo\Debug\link.7268-cvtres.read.1.tlog
C:\Users\lizm03\Documents\Visual Studio 2010\Projects\demo\demo\Debug\link.7268-cvtres.write.1.tlog
C:\Users\lizm03\Documents\Visual Studio 2010\Projects\demo\demo\Debug\link.command.1.tlog
C:\Users\lizm03\Documents\Visual Studio 2010\Projects\demo\demo\Debug\link.read.1.tlog
C:\Users\lizm03\Documents\Visual Studio 2010\Projects\demo\demo\Debug\link.write.1.tlog
C:\Users\lizm03\Documents\Visual Studio 2010\Projects\demo\demo\Debug\link-cvtres.read.1.tlog
C:\Users\lizm03\Documents\Visual Studio 2010\Projects\demo\demo\Debug\link-cvtres.write.1.tlog
C:\USERS\LIZM03\DOCUMENTS\VISUAL STUDIO 2010\PROJECTS\DEMO\DEMO\DEBUG\MAIN.OBJ
C:\Users\lizm03\Documents\Visual Studio 2010\Projects\demo\demo\Debug\mt.command.1.tlog
C:\Users\lizm03\Documents\Visual Studio 2010\Projects\demo\demo\Debug\mt.read.1.tlog
C:\Users\lizm03\Documents\Visual Studio 2010\Projects\demo\demo\Debug\mt.write.1.tlog
C:\USERS\LIZM03\DOCUMENTS\VISUAL STUDIO 2010\PROJECTS\DEMO\DEMO\DEBUG\POINT.OBJ
C:\Users\lizm03\Documents\Visual Studio 2010\Projects\demo\demo\Debug\rc.command.1.tlog
C:\Users\lizm03\Documents\Visual Studio 2010\Projects\demo\demo\Debug\rc.read.1.tlog
C:\Users\lizm03\Documents\Visual Studio 2010\Projects\demo\demo\Debug\rc.write.1.tlog
C:\USERS\LIZM03\DOCUMENTS\VISUAL STUDIO 2010\PROJECTS\DEMO\DEMO\DEBUG\SCREEN.OBJ
C:\Users\lizm03\Documents\Visual Studio 2010\Projects\demo\demo\Debug\vc100.idb
C:\USERS\LIZM03\DOCUMENTS\VISUAL STUDIO 2010\PROJECTS\DEMO\DEMO\DEBUG\VC100.PDB
